<?xml version="1.0" encoding="UTF-8"?>
<!-- Generated by org.testng.reporters.JUnitXMLReporter -->
<testsuite ignored="0" hostname="DESKTOP-4VT63TV" failures="0" tests="5" name="Test" time="0.118" errors="0" timestamp="2023-06-06T14:41:37 IST">
  <testcase classname="TestNGFramework.SampleTest" name="TC3" time="0.008">
    <skipped/>
  </testcase> <!-- TC3 -->
  <testcase classname="TestNGFramework.SampleTest" name="TC2" time="0.002"/>
  <testcase classname="TestNGFramework.SampleTest" name="TC1" time="0.001"/>
  <testcase classname="TestNGFramework.SampleTest" name="TC1" time="0.001"/>
  <testcase classname="TestNGFramework.SampleTest" name="TC1" time="0.003"/>
</testsuite> <!-- Test -->
