<?xml version="1.0" encoding="UTF-8"?>
<testng-results ignored="0" total="5" passed="4" failed="0" skipped="1">
  <reporter-output>
  </reporter-output>
  <suite started-at="2023-06-06T14:41:37 IST" name="Suite" finished-at="2023-06-06T14:41:37 IST" duration-ms="118">
    <groups>
      <group name="unit">
        <method signature="SampleTest.TC2()[pri:0, instance:TestNGFramework.SampleTest@5b7a5baa]" name="TC2" class="TestNGFramework.SampleTest"/>
      </group> <!-- unit -->
      <group name="regression">
        <method signature="SampleTest.TC3()[pri:-3, instance:TestNGFramework.SampleTest@5b7a5baa]" name="TC3" class="TestNGFramework.SampleTest"/>
      </group> <!-- regression -->
      <group name="Regression">
        <method signature="SampleTest.TC1()[pri:0, instance:TestNGFramework.SampleTest@5b7a5baa]" name="TC1" class="TestNGFramework.SampleTest"/>
      </group> <!-- Regression -->
    </groups>
    <test started-at="2023-06-06T14:41:37 IST" name="Test" finished-at="2023-06-06T14:41:37 IST" duration-ms="118">
      <class name="TestNGFramework.SampleTest">
        <test-method is-config="true" signature="bs()[pri:0, instance:TestNGFramework.SampleTest@5b7a5baa]" started-at="2023-06-06T14:41:37 IST" name="bs" finished-at="2023-06-06T14:41:37 IST" duration-ms="18" status="PASS">
          <reporter-output>
          </reporter-output>
        </test-method> <!-- bs -->
        <test-method is-config="true" signature="bt()[pri:0, instance:TestNGFramework.SampleTest@5b7a5baa]" started-at="2023-06-06T14:41:37 IST" name="bt" finished-at="2023-06-06T14:41:37 IST" duration-ms="0" status="PASS">
          <reporter-output>
          </reporter-output>
        </test-method> <!-- bt -->
        <test-method is-config="true" signature="bc()[pri:0, instance:TestNGFramework.SampleTest@5b7a5baa]" started-at="2023-06-06T14:41:37 IST" name="bc" finished-at="2023-06-06T14:41:37 IST" duration-ms="1" status="PASS">
          <reporter-output>
          </reporter-output>
        </test-method> <!-- bc -->
        <test-method is-config="true" signature="bm()[pri:0, instance:TestNGFramework.SampleTest@5b7a5baa]" started-at="2023-06-06T14:41:37 IST" name="bm" finished-at="2023-06-06T14:41:37 IST" duration-ms="1" status="PASS">
          <reporter-output>
          </reporter-output>
        </test-method> <!-- bm -->
        <test-method signature="TC3()[pri:-3, instance:TestNGFramework.SampleTest@5b7a5baa]" started-at="2023-06-06T14:41:37 IST" name="TC3" finished-at="2023-06-06T14:41:37 IST" duration-ms="8" status="SKIP">
          <exception class="org.testng.SkipException">
            <message>
              <![CDATA[skipped]]>
            </message>
            <full-stacktrace>
              <![CDATA[org.testng.SkipException: skipped
at TestNGFramework.SampleTest.TC3(SampleTest.java:68)
at java.base/jdk.internal.reflect.NativeMethodAccessorImpl.invoke0(Native Method)
at java.base/jdk.internal.reflect.NativeMethodAccessorImpl.invoke(NativeMethodAccessorImpl.java:78)
at java.base/jdk.internal.reflect.DelegatingMethodAccessorImpl.invoke(DelegatingMethodAccessorImpl.java:43)
at java.base/java.lang.reflect.Method.invoke(Method.java:567)
at org.testng.internal.invokers.MethodInvocationHelper.invokeMethod(MethodInvocationHelper.java:139)
at org.testng.internal.invokers.TestInvoker.invokeMethod(TestInvoker.java:677)
at org.testng.internal.invokers.TestInvoker.invokeTestMethod(TestInvoker.java:221)
at org.testng.internal.invokers.MethodRunner.runInSequence(MethodRunner.java:50)
at org.testng.internal.invokers.TestInvoker$MethodInvocationAgent.invoke(TestInvoker.java:969)
at org.testng.internal.invokers.TestInvoker.invokeTestMethods(TestInvoker.java:194)
at org.testng.internal.invokers.TestMethodWorker.invokeTestMethods(TestMethodWorker.java:148)
at org.testng.internal.invokers.TestMethodWorker.run(TestMethodWorker.java:128)
at java.base/java.util.ArrayList.forEach(ArrayList.java:1511)
at org.testng.TestRunner.privateRun(TestRunner.java:829)
at org.testng.TestRunner.run(TestRunner.java:602)
at org.testng.SuiteRunner.runTest(SuiteRunner.java:437)
at org.testng.SuiteRunner.runSequentially(SuiteRunner.java:431)
at org.testng.SuiteRunner.privateRun(SuiteRunner.java:391)
at org.testng.SuiteRunner.run(SuiteRunner.java:330)
at org.testng.SuiteRunnerWorker.runSuite(SuiteRunnerWorker.java:52)
at org.testng.SuiteRunnerWorker.run(SuiteRunnerWorker.java:95)
at org.testng.TestNG.runSuitesSequentially(TestNG.java:1256)
at org.testng.TestNG.runSuitesLocally(TestNG.java:1176)
at org.testng.TestNG.runSuites(TestNG.java:1099)
at org.testng.TestNG.run(TestNG.java:1067)
at org.testng.remote.AbstractRemoteTestNG.run(AbstractRemoteTestNG.java:115)
at org.testng.remote.RemoteTestNG.initAndRun(RemoteTestNG.java:251)
at org.testng.remote.RemoteTestNG.main(RemoteTestNG.java:77)
]]>
            </full-stacktrace>
          </exception> <!-- org.testng.SkipException -->
          <reporter-output>
          </reporter-output>
        </test-method> <!-- TC3 -->
        <test-method is-config="true" signature="am()[pri:0, instance:TestNGFramework.SampleTest@5b7a5baa]" started-at="2023-06-06T14:41:37 IST" name="am" finished-at="2023-06-06T14:41:37 IST" duration-ms="1" status="PASS">
          <reporter-output>
          </reporter-output>
        </test-method> <!-- am -->
        <test-method signature="TC2()[pri:0, instance:TestNGFramework.SampleTest@5b7a5baa]" started-at="2023-06-06T14:41:37 IST" name="TC2" finished-at="2023-06-06T14:41:37 IST" duration-ms="2" status="PASS">
          <reporter-output>
          </reporter-output>
        </test-method> <!-- TC2 -->
        <test-method is-config="true" signature="bm()[pri:0, instance:TestNGFramework.SampleTest@5b7a5baa]" started-at="2023-06-06T14:41:37 IST" name="bm" finished-at="2023-06-06T14:41:37 IST" duration-ms="0" status="PASS">
          <reporter-output>
          </reporter-output>
        </test-method> <!-- bm -->
        <test-method is-config="true" signature="am()[pri:0, instance:TestNGFramework.SampleTest@5b7a5baa]" started-at="2023-06-06T14:41:37 IST" name="am" finished-at="2023-06-06T14:41:37 IST" duration-ms="1" status="PASS">
          <reporter-output>
          </reporter-output>
        </test-method> <!-- am -->
        <test-method is-config="true" signature="bm()[pri:0, instance:TestNGFramework.SampleTest@5b7a5baa]" started-at="2023-06-06T14:41:37 IST" name="bm" finished-at="2023-06-06T14:41:37 IST" duration-ms="1" status="PASS">
          <reporter-output>
          </reporter-output>
        </test-method> <!-- bm -->
        <test-method signature="TC1()[pri:0, instance:TestNGFramework.SampleTest@5b7a5baa]" started-at="2023-06-06T14:41:37 IST" name="TC1" depends-on-groups="unit" finished-at="2023-06-06T14:41:37 IST" duration-ms="1" status="PASS">
          <reporter-output>
          </reporter-output>
        </test-method> <!-- TC1 -->
        <test-method is-config="true" signature="am()[pri:0, instance:TestNGFramework.SampleTest@5b7a5baa]" started-at="2023-06-06T14:41:37 IST" name="am" finished-at="2023-06-06T14:41:37 IST" duration-ms="0" status="PASS">
          <reporter-output>
          </reporter-output>
        </test-method> <!-- am -->
        <test-method signature="TC1()[pri:0, instance:TestNGFramework.SampleTest@5b7a5baa]" started-at="2023-06-06T14:41:37 IST" name="TC1" depends-on-groups="unit" finished-at="2023-06-06T14:41:37 IST" duration-ms="1" status="PASS">
          <reporter-output>
          </reporter-output>
        </test-method> <!-- TC1 -->
        <test-method is-config="true" signature="bm()[pri:0, instance:TestNGFramework.SampleTest@5b7a5baa]" started-at="2023-06-06T14:41:37 IST" name="bm" finished-at="2023-06-06T14:41:37 IST" duration-ms="0" status="PASS">
          <reporter-output>
          </reporter-output>
        </test-method> <!-- bm -->
        <test-method is-config="true" signature="am()[pri:0, instance:TestNGFramework.SampleTest@5b7a5baa]" started-at="2023-06-06T14:41:37 IST" name="am" finished-at="2023-06-06T14:41:37 IST" duration-ms="0" status="PASS">
          <reporter-output>
          </reporter-output>
        </test-method> <!-- am -->
        <test-method signature="TC1()[pri:0, instance:TestNGFramework.SampleTest@5b7a5baa]" started-at="2023-06-06T14:41:37 IST" name="TC1" depends-on-groups="unit" finished-at="2023-06-06T14:41:37 IST" duration-ms="3" status="PASS">
          <reporter-output>
          </reporter-output>
        </test-method> <!-- TC1 -->
        <test-method is-config="true" signature="bm()[pri:0, instance:TestNGFramework.SampleTest@5b7a5baa]" started-at="2023-06-06T14:41:37 IST" name="bm" finished-at="2023-06-06T14:41:37 IST" duration-ms="0" status="PASS">
          <reporter-output>
          </reporter-output>
        </test-method> <!-- bm -->
        <test-method is-config="true" signature="am()[pri:0, instance:TestNGFramework.SampleTest@5b7a5baa]" started-at="2023-06-06T14:41:37 IST" name="am" finished-at="2023-06-06T14:41:37 IST" duration-ms="1" status="PASS">
          <reporter-output>
          </reporter-output>
        </test-method> <!-- am -->
        <test-method is-config="true" signature="ac()[pri:0, instance:TestNGFramework.SampleTest@5b7a5baa]" started-at="2023-06-06T14:41:37 IST" name="ac" finished-at="2023-06-06T14:41:37 IST" duration-ms="0" status="PASS">
          <reporter-output>
          </reporter-output>
        </test-method> <!-- ac -->
        <test-method is-config="true" signature="at()[pri:0, instance:TestNGFramework.SampleTest@5b7a5baa]" started-at="2023-06-06T14:41:37 IST" name="at" finished-at="2023-06-06T14:41:37 IST" duration-ms="0" status="PASS">
          <reporter-output>
          </reporter-output>
        </test-method> <!-- at -->
        <test-method is-config="true" signature="as()[pri:0, instance:TestNGFramework.SampleTest@5b7a5baa]" started-at="2023-06-06T14:41:37 IST" name="as" finished-at="2023-06-06T14:41:37 IST" duration-ms="6" status="PASS">
          <reporter-output>
          </reporter-output>
        </test-method> <!-- as -->
      </class> <!-- TestNGFramework.SampleTest -->
    </test> <!-- Test -->
  </suite> <!-- Suite -->
</testng-results>
